<!DOCTYPE html PUBLIC "-//W3C//DTD XHTML 1.1//EN" "http://www.w3.org/TR/xhtml11/DTD/xhtml11.dtd">
<html xmlns="http://www.w3.org/1999/xhtml">
<head>
<meta http-equiv="content-type" content="text/html; charset=UTF-8"/>
<title>TestNG Report</title>
<style type="text/css">table {margin-bottom:10px;border-collapse:collapse;empty-cells:show}th,td {border:1px solid #009;padding:.25em .5em}th {vertical-align:bottom}td {vertical-align:top}table a {font-weight:bold}.stripe td {background-color: #E6EBF9}.num {text-align:right}.passedodd td {background-color: #3F3}.passedeven td {background-color: #0A0}.skippedodd td {background-color: #DDD}.skippedeven td {background-color: #CCC}.failedodd td,.attn {background-color: #F33}.failedeven td,.stripe .attn {background-color: #D00}.stacktrace {white-space:pre;font-family:monospace}.totop {font-size:85%;text-align:center;border-bottom:2px solid #000}.invisible {display:none}</style>
</head>
<body>
<table>
<tr><th>Test</th><th># Passed</th><th># Skipped</th><th># Failed</th><th>Time (ms)</th><th>Included Groups</th><th>Excluded Groups</th></tr>
<tr><th colspan="7">Suite</th></tr>
<tr><td><a href="#t0">Test</a></td><td class="num">0</td><td class="num">0</td><td class="num attn">2</td><td class="num">9,467</td><td></td><td></td></tr>
</table>
<table id='summary'><thead><tr><th>Class</th><th>Method</th><th>Start</th><th>Time (ms)</th></tr></thead><tbody><tr><th colspan="4">Suite</th></tr></tbody><tbody id="t0"><tr><th colspan="4">Test &#8212; failed</th></tr><tr class="failedeven"><td rowspan="2">com.Automation.TestRunner.TestRunner</td><td><a href="#m0">features</a></td><td rowspan="2">1588342750554</td><td rowspan="2">3330</td></tr><tr class="failedeven"><td><a href="#m1">features</a></td></tr></tbody>
</table>
<h2>Test</h2><h3 id="m0">com.Automation.TestRunner.TestRunner#features</h3><table class="result"><tr class="param"><th>Parameter #1</th></tr><tr class="param stripe"><td>Youtube search page validation</td></tr><tr><th>Exception</th></tr><tr><td><div class="stacktrace">cucumber.runtime.CucumberException: org.openqa.selenium.SessionNotCreatedException: session not created: This version of ChromeDriver only supports Chrome version 79
Build info: version: &apos;3.11.0&apos;, revision: &apos;e59cfb3&apos;, time: &apos;2018-03-11T20:26:55.152Z&apos;
System info: host: &apos;SATHISH-PC&apos;, ip: &apos;192.168.70.1&apos;, os.name: &apos;Windows 7&apos;, os.arch: &apos;x86&apos;, os.version: &apos;6.1&apos;, java.version: &apos;1.8.0_144&apos;
Driver info: driver.version: ChromeDriver
remote stacktrace: Backtrace:
	Ordinal0 [0x0123A113+1548563]
	Ordinal0 [0x011BDDA1+1039777]
	Ordinal0 [0x0113E485+517253]
	Ordinal0 [0x010CFD34+64820]
	Ordinal0 [0x010CC61E+50718]
	Ordinal0 [0x010EB797+178071]
	Ordinal0 [0x010EB59D+177565]
	Ordinal0 [0x010E95FB+169467]
	Ordinal0 [0x010D160A+71178]
	Ordinal0 [0x010D2690+75408]
	Ordinal0 [0x010D2629+75305]
	Ordinal0 [0x011D71B7+1143223]
	GetHandleVerifier [0x012D2B46+507814]
	GetHandleVerifier [0x012D2864+507076]
	GetHandleVerifier [0x012D9F47+537511]
	GetHandleVerifier [0x012D3402+510050]
	Ordinal0 [0x011CF29C+1110684]
	Ordinal0 [0x011D938B+1151883]
	Ordinal0 [0x011D94F3+1152243]
	Ordinal0 [0x011D83F5+1147893]
	BaseThreadInitThunk [0x771DEF1C+18]
	RtlInitializeExceptionChain [0x7708367A+239]
	RtlInitializeExceptionChain [0x7708364D+194]

	at cucumber.api.testng.TestNGCucumberRunner.runCucumber(TestNGCucumberRunner.java:69)
	at com.Automation.TestRunner.TestRunner.features(TestRunner.java:33)
Caused by: org.openqa.selenium.SessionNotCreatedException: session not created: This version of ChromeDriver only supports Chrome version 79
Build info: version: &apos;3.11.0&apos;, revision: &apos;e59cfb3&apos;, time: &apos;2018-03-11T20:26:55.152Z&apos;
System info: host: &apos;SATHISH-PC&apos;, ip: &apos;192.168.70.1&apos;, os.name: &apos;Windows 7&apos;, os.arch: &apos;x86&apos;, os.version: &apos;6.1&apos;, java.version: &apos;1.8.0_144&apos;
Driver info: driver.version: ChromeDriver
remote stacktrace: Backtrace:
	Ordinal0 [0x0123A113+1548563]
	Ordinal0 [0x011BDDA1+1039777]
	Ordinal0 [0x0113E485+517253]
	Ordinal0 [0x010CFD34+64820]
	Ordinal0 [0x010CC61E+50718]
	Ordinal0 [0x010EB797+178071]
	Ordinal0 [0x010EB59D+177565]
	Ordinal0 [0x010E95FB+169467]
	Ordinal0 [0x010D160A+71178]
	Ordinal0 [0x010D2690+75408]
	Ordinal0 [0x010D2629+75305]
	Ordinal0 [0x011D71B7+1143223]
	GetHandleVerifier [0x012D2B46+507814]
	GetHandleVerifier [0x012D2864+507076]
	GetHandleVerifier [0x012D9F47+537511]
	GetHandleVerifier [0x012D3402+510050]
	Ordinal0 [0x011CF29C+1110684]
	Ordinal0 [0x011D938B+1151883]
	Ordinal0 [0x011D94F3+1152243]
	Ordinal0 [0x011D83F5+1147893]
	BaseThreadInitThunk [0x771DEF1C+18]
	RtlInitializeExceptionChain [0x7708367A+239]
	RtlInitializeExceptionChain [0x7708364D+194]

	at org.openqa.selenium.remote.W3CHandshakeResponse.lambda$new$0(W3CHandshakeResponse.java:57)
	at org.openqa.selenium.remote.W3CHandshakeResponse.lambda$getResponseFunction$2(W3CHandshakeResponse.java:104)
	at org.openqa.selenium.remote.ProtocolHandshake.lambda$createSession$0(ProtocolHandshake.java:123)
	at java.util.stream.ReferencePipeline$3$1.accept(ReferencePipeline.java:193)
	at java.util.Spliterators$ArraySpliterator.tryAdvance(Spliterators.java:958)
	at java.util.stream.ReferencePipeline.forEachWithCancel(ReferencePipeline.java:126)
	at java.util.stream.AbstractPipeline.copyIntoWithCancel(AbstractPipeline.java:498)
	at java.util.stream.AbstractPipeline.copyInto(AbstractPipeline.java:485)
	at java.util.stream.AbstractPipeline.wrapAndCopyInto(AbstractPipeline.java:471)
	at java.util.stream.FindOps$FindOp.evaluateSequential(FindOps.java:152)
	at java.util.stream.AbstractPipeline.evaluate(AbstractPipeline.java:234)
	at java.util.stream.ReferencePipeline.findFirst(ReferencePipeline.java:464)
	at org.openqa.selenium.remote.ProtocolHandshake.createSession(ProtocolHandshake.java:126)
	at org.openqa.selenium.remote.ProtocolHandshake.createSession(ProtocolHandshake.java:73)
	at org.openqa.selenium.remote.HttpCommandExecutor.execute(HttpCommandExecutor.java:136)
	at org.openqa.selenium.remote.service.DriverCommandExecutor.execute(DriverCommandExecutor.java:83)
	at org.openqa.selenium.remote.RemoteWebDriver.execute(RemoteWebDriver.java:545)
	at org.openqa.selenium.remote.RemoteWebDriver.startSession(RemoteWebDriver.java:209)
	at org.openqa.selenium.remote.RemoteWebDriver.&lt;init&gt;(RemoteWebDriver.java:132)
	at org.openqa.selenium.chrome.ChromeDriver.&lt;init&gt;(ChromeDriver.java:181)
	at org.openqa.selenium.chrome.ChromeDriver.&lt;init&gt;(ChromeDriver.java:168)
	at org.openqa.selenium.chrome.ChromeDriver.&lt;init&gt;(ChromeDriver.java:123)
	at com.Automation.Utility.BrowserUtility.OpenBrowser(BrowserUtility.java:13)
	at com.Automation.StepDef.YoutubeSearch.open_the_browcer_and_enter_the_url(YoutubeSearch.java:32)
	at ✽.Given Open the browcer and enter the url(YoutubeSearch.feature:4)
... Removed 29 stack frames</div></td></tr></table><p class="totop"><a href="#summary">back to summary</a></p>
<h3 id="m1">com.Automation.TestRunner.TestRunner#features</h3><table class="result"><tr class="param"><th>Parameter #1</th></tr><tr class="param stripe"><td>Validating Youtube results page feature</td></tr><tr><th>Exception</th></tr><tr><td><div class="stacktrace">cucumber.runtime.CucumberException: org.openqa.selenium.SessionNotCreatedException: session not created: This version of ChromeDriver only supports Chrome version 79
Build info: version: &apos;3.11.0&apos;, revision: &apos;e59cfb3&apos;, time: &apos;2018-03-11T20:26:55.152Z&apos;
System info: host: &apos;SATHISH-PC&apos;, ip: &apos;192.168.70.1&apos;, os.name: &apos;Windows 7&apos;, os.arch: &apos;x86&apos;, os.version: &apos;6.1&apos;, java.version: &apos;1.8.0_144&apos;
Driver info: driver.version: ChromeDriver
remote stacktrace: Backtrace:
	Ordinal0 [0x0123A113+1548563]
	Ordinal0 [0x011BDDA1+1039777]
	Ordinal0 [0x0113E485+517253]
	Ordinal0 [0x010CFD34+64820]
	Ordinal0 [0x010CC61E+50718]
	Ordinal0 [0x010EB797+178071]
	Ordinal0 [0x010EB59D+177565]
	Ordinal0 [0x010E95FB+169467]
	Ordinal0 [0x010D160A+71178]
	Ordinal0 [0x010D2690+75408]
	Ordinal0 [0x010D2629+75305]
	Ordinal0 [0x011D71B7+1143223]
	GetHandleVerifier [0x012D2B46+507814]
	GetHandleVerifier [0x012D2864+507076]
	GetHandleVerifier [0x012D9F47+537511]
	GetHandleVerifier [0x012D3402+510050]
	Ordinal0 [0x011CF29C+1110684]
	Ordinal0 [0x011D938B+1151883]
	Ordinal0 [0x011D94F3+1152243]
	Ordinal0 [0x011D83F5+1147893]
	BaseThreadInitThunk [0x771DEF1C+18]
	RtlInitializeExceptionChain [0x7708367A+239]
	RtlInitializeExceptionChain [0x7708364D+194]

	at cucumber.api.testng.TestNGCucumberRunner.runCucumber(TestNGCucumberRunner.java:69)
	at com.Automation.TestRunner.TestRunner.features(TestRunner.java:33)
Caused by: org.openqa.selenium.SessionNotCreatedException: session not created: This version of ChromeDriver only supports Chrome version 79
Build info: version: &apos;3.11.0&apos;, revision: &apos;e59cfb3&apos;, time: &apos;2018-03-11T20:26:55.152Z&apos;
System info: host: &apos;SATHISH-PC&apos;, ip: &apos;192.168.70.1&apos;, os.name: &apos;Windows 7&apos;, os.arch: &apos;x86&apos;, os.version: &apos;6.1&apos;, java.version: &apos;1.8.0_144&apos;
Driver info: driver.version: ChromeDriver
remote stacktrace: Backtrace:
	Ordinal0 [0x0123A113+1548563]
	Ordinal0 [0x011BDDA1+1039777]
	Ordinal0 [0x0113E485+517253]
	Ordinal0 [0x010CFD34+64820]
	Ordinal0 [0x010CC61E+50718]
	Ordinal0 [0x010EB797+178071]
	Ordinal0 [0x010EB59D+177565]
	Ordinal0 [0x010E95FB+169467]
	Ordinal0 [0x010D160A+71178]
	Ordinal0 [0x010D2690+75408]
	Ordinal0 [0x010D2629+75305]
	Ordinal0 [0x011D71B7+1143223]
	GetHandleVerifier [0x012D2B46+507814]
	GetHandleVerifier [0x012D2864+507076]
	GetHandleVerifier [0x012D9F47+537511]
	GetHandleVerifier [0x012D3402+510050]
	Ordinal0 [0x011CF29C+1110684]
	Ordinal0 [0x011D938B+1151883]
	Ordinal0 [0x011D94F3+1152243]
	Ordinal0 [0x011D83F5+1147893]
	BaseThreadInitThunk [0x771DEF1C+18]
	RtlInitializeExceptionChain [0x7708367A+239]
	RtlInitializeExceptionChain [0x7708364D+194]

	at org.openqa.selenium.remote.W3CHandshakeResponse.lambda$new$0(W3CHandshakeResponse.java:57)
	at org.openqa.selenium.remote.W3CHandshakeResponse.lambda$getResponseFunction$2(W3CHandshakeResponse.java:104)
	at org.openqa.selenium.remote.ProtocolHandshake.lambda$createSession$0(ProtocolHandshake.java:123)
	at java.util.stream.ReferencePipeline$3$1.accept(ReferencePipeline.java:193)
	at java.util.Spliterators$ArraySpliterator.tryAdvance(Spliterators.java:958)
	at java.util.stream.ReferencePipeline.forEachWithCancel(ReferencePipeline.java:126)
	at java.util.stream.AbstractPipeline.copyIntoWithCancel(AbstractPipeline.java:498)
	at java.util.stream.AbstractPipeline.copyInto(AbstractPipeline.java:485)
	at java.util.stream.AbstractPipeline.wrapAndCopyInto(AbstractPipeline.java:471)
	at java.util.stream.FindOps$FindOp.evaluateSequential(FindOps.java:152)
	at java.util.stream.AbstractPipeline.evaluate(AbstractPipeline.java:234)
	at java.util.stream.ReferencePipeline.findFirst(ReferencePipeline.java:464)
	at org.openqa.selenium.remote.ProtocolHandshake.createSession(ProtocolHandshake.java:126)
	at org.openqa.selenium.remote.ProtocolHandshake.createSession(ProtocolHandshake.java:73)
	at org.openqa.selenium.remote.HttpCommandExecutor.execute(HttpCommandExecutor.java:136)
	at org.openqa.selenium.remote.service.DriverCommandExecutor.execute(DriverCommandExecutor.java:83)
	at org.openqa.selenium.remote.RemoteWebDriver.execute(RemoteWebDriver.java:545)
	at org.openqa.selenium.remote.RemoteWebDriver.startSession(RemoteWebDriver.java:209)
	at org.openqa.selenium.remote.RemoteWebDriver.&lt;init&gt;(RemoteWebDriver.java:132)
	at org.openqa.selenium.chrome.ChromeDriver.&lt;init&gt;(ChromeDriver.java:181)
	at org.openqa.selenium.chrome.ChromeDriver.&lt;init&gt;(ChromeDriver.java:168)
	at org.openqa.selenium.chrome.ChromeDriver.&lt;init&gt;(ChromeDriver.java:123)
	at com.Automation.Utility.BrowserUtility.OpenBrowser(BrowserUtility.java:13)
	at com.Automation.StepDef.YoutubeReults.open_browser_and_enter_the_url(YoutubeReults.java:28)
	at ✽.Given Open browser and enter the url(YoutubeResultsPageValidation.feature:4)
... Removed 29 stack frames</div></td></tr></table><p class="totop"><a href="#summary">back to summary</a></p>
</body>
</html>
