<?xml version="1.0" encoding="UTF-8"?>
<testng-results skipped="0" failed="2" ignored="0" total="2" passed="0">
  <reporter-output>
  </reporter-output>
  <suite name="Suite" duration-ms="9467" started-at="2020-05-01T14:19:04Z" finished-at="2020-05-01T14:19:13Z">
    <groups>
    </groups>
    <test name="Test" duration-ms="9467" started-at="2020-05-01T14:19:04Z" finished-at="2020-05-01T14:19:13Z">
      <class name="com.Automation.TestRunner.TestRunner">
        <test-method status="PASS" signature="setUpClass()[pri:0, instance:com.Automation.TestRunner.TestRunner@3f4d3d]" name="setUpClass" is-config="true" duration-ms="577" started-at="2020-05-01T14:19:04Z" finished-at="2020-05-01T14:19:05Z">
          <reporter-output>
          </reporter-output>
        </test-method> <!-- setUpClass -->
        <test-method status="FAIL" signature="features(cucumber.api.testng.CucumberFeatureWrapper)[pri:0, instance:com.Automation.TestRunner.TestRunner@3f4d3d]" name="features" duration-ms="5282" started-at="2020-05-01T14:19:05Z" data-provider="features" finished-at="2020-05-01T14:19:10Z">
          <params>
            <param index="0">
              <value>
                <![CDATA[Validating Youtube results page feature]]>
              </value>
            </param>
          </params>
          <exception class="cucumber.runtime.CucumberException">
            <message>
              <![CDATA[org.openqa.selenium.SessionNotCreatedException: session not created: This version of ChromeDriver only supports Chrome version 79
Build info: version: '3.11.0', revision: 'e59cfb3', time: '2018-03-11T20:26:55.152Z'
System info: host: 'SATHISH-PC', ip: '192.168.70.1', os.name: 'Windows 7', os.arch: 'x86', os.version: '6.1', java.version: '1.8.0_144'
Driver info: driver.version: ChromeDriver
remote stacktrace: Backtrace:
Ordinal0 [0x0123A113+1548563]
Ordinal0 [0x011BDDA1+1039777]
Ordinal0 [0x0113E485+517253]
Ordinal0 [0x010CFD34+64820]
Ordinal0 [0x010CC61E+50718]
Ordinal0 [0x010EB797+178071]
Ordinal0 [0x010EB59D+177565]
Ordinal0 [0x010E95FB+169467]
Ordinal0 [0x010D160A+71178]
Ordinal0 [0x010D2690+75408]
Ordinal0 [0x010D2629+75305]
Ordinal0 [0x011D71B7+1143223]
GetHandleVerifier [0x012D2B46+507814]
GetHandleVerifier [0x012D2864+507076]
GetHandleVerifier [0x012D9F47+537511]
GetHandleVerifier [0x012D3402+510050]
Ordinal0 [0x011CF29C+1110684]
Ordinal0 [0x011D938B+1151883]
Ordinal0 [0x011D94F3+1152243]
Ordinal0 [0x011D83F5+1147893]
BaseThreadInitThunk [0x771DEF1C+18]
RtlInitializeExceptionChain [0x7708367A+239]
RtlInitializeExceptionChain [0x7708364D+194]
]]>
            </message>
            <full-stacktrace>
              <![CDATA[cucumber.runtime.CucumberException: org.openqa.selenium.SessionNotCreatedException: session not created: This version of ChromeDriver only supports Chrome version 79
Build info: version: '3.11.0', revision: 'e59cfb3', time: '2018-03-11T20:26:55.152Z'
System info: host: 'SATHISH-PC', ip: '192.168.70.1', os.name: 'Windows 7', os.arch: 'x86', os.version: '6.1', java.version: '1.8.0_144'
Driver info: driver.version: ChromeDriver
remote stacktrace: Backtrace:
Ordinal0 [0x0123A113+1548563]
Ordinal0 [0x011BDDA1+1039777]
Ordinal0 [0x0113E485+517253]
Ordinal0 [0x010CFD34+64820]
Ordinal0 [0x010CC61E+50718]
Ordinal0 [0x010EB797+178071]
Ordinal0 [0x010EB59D+177565]
Ordinal0 [0x010E95FB+169467]
Ordinal0 [0x010D160A+71178]
Ordinal0 [0x010D2690+75408]
Ordinal0 [0x010D2629+75305]
Ordinal0 [0x011D71B7+1143223]
GetHandleVerifier [0x012D2B46+507814]
GetHandleVerifier [0x012D2864+507076]
GetHandleVerifier [0x012D9F47+537511]
GetHandleVerifier [0x012D3402+510050]
Ordinal0 [0x011CF29C+1110684]
Ordinal0 [0x011D938B+1151883]
Ordinal0 [0x011D94F3+1152243]
Ordinal0 [0x011D83F5+1147893]
BaseThreadInitThunk [0x771DEF1C+18]
RtlInitializeExceptionChain [0x7708367A+239]
RtlInitializeExceptionChain [0x7708364D+194]

at cucumber.api.testng.TestNGCucumberRunner.runCucumber(TestNGCucumberRunner.java:69)
at com.Automation.TestRunner.TestRunner.features(TestRunner.java:33)
at sun.reflect.NativeMethodAccessorImpl.invoke0(Native Method)
at sun.reflect.NativeMethodAccessorImpl.invoke(NativeMethodAccessorImpl.java:62)
at sun.reflect.DelegatingMethodAccessorImpl.invoke(DelegatingMethodAccessorImpl.java:43)
at java.lang.reflect.Method.invoke(Method.java:498)
at org.testng.internal.MethodInvocationHelper.invokeMethod(MethodInvocationHelper.java:124)
at org.testng.internal.Invoker.invokeMethod(Invoker.java:583)
at org.testng.internal.Invoker.invokeTestMethod(Invoker.java:719)
at org.testng.internal.Invoker.invokeTestMethods(Invoker.java:989)
at org.testng.internal.TestMethodWorker.invokeTestMethods(TestMethodWorker.java:125)
at org.testng.internal.TestMethodWorker.run(TestMethodWorker.java:109)
at org.testng.TestRunner.privateRun(TestRunner.java:648)
at org.testng.TestRunner.run(TestRunner.java:505)
at org.testng.SuiteRunner.runTest(SuiteRunner.java:455)
at org.testng.SuiteRunner.runSequentially(SuiteRunner.java:450)
at org.testng.SuiteRunner.privateRun(SuiteRunner.java:415)
at org.testng.SuiteRunner.run(SuiteRunner.java:364)
at org.testng.SuiteRunnerWorker.runSuite(SuiteRunnerWorker.java:52)
at org.testng.SuiteRunnerWorker.run(SuiteRunnerWorker.java:84)
at org.testng.TestNG.runSuitesSequentially(TestNG.java:1208)
at org.testng.TestNG.runSuitesLocally(TestNG.java:1137)
at org.testng.TestNG.runSuites(TestNG.java:1049)
at org.testng.TestNG.run(TestNG.java:1017)
at org.testng.remote.AbstractRemoteTestNG.run(AbstractRemoteTestNG.java:114)
at org.testng.remote.RemoteTestNG.initAndRun(RemoteTestNG.java:251)
at org.testng.remote.RemoteTestNG.main(RemoteTestNG.java:77)
Caused by: org.openqa.selenium.SessionNotCreatedException: session not created: This version of ChromeDriver only supports Chrome version 79
Build info: version: '3.11.0', revision: 'e59cfb3', time: '2018-03-11T20:26:55.152Z'
System info: host: 'SATHISH-PC', ip: '192.168.70.1', os.name: 'Windows 7', os.arch: 'x86', os.version: '6.1', java.version: '1.8.0_144'
Driver info: driver.version: ChromeDriver
remote stacktrace: Backtrace:
Ordinal0 [0x0123A113+1548563]
Ordinal0 [0x011BDDA1+1039777]
Ordinal0 [0x0113E485+517253]
Ordinal0 [0x010CFD34+64820]
Ordinal0 [0x010CC61E+50718]
Ordinal0 [0x010EB797+178071]
Ordinal0 [0x010EB59D+177565]
Ordinal0 [0x010E95FB+169467]
Ordinal0 [0x010D160A+71178]
Ordinal0 [0x010D2690+75408]
Ordinal0 [0x010D2629+75305]
Ordinal0 [0x011D71B7+1143223]
GetHandleVerifier [0x012D2B46+507814]
GetHandleVerifier [0x012D2864+507076]
GetHandleVerifier [0x012D9F47+537511]
GetHandleVerifier [0x012D3402+510050]
Ordinal0 [0x011CF29C+1110684]
Ordinal0 [0x011D938B+1151883]
Ordinal0 [0x011D94F3+1152243]
Ordinal0 [0x011D83F5+1147893]
BaseThreadInitThunk [0x771DEF1C+18]
RtlInitializeExceptionChain [0x7708367A+239]
RtlInitializeExceptionChain [0x7708364D+194]

at sun.reflect.NativeConstructorAccessorImpl.newInstance0(Native Method)
at sun.reflect.NativeConstructorAccessorImpl.newInstance(NativeConstructorAccessorImpl.java:62)
at sun.reflect.DelegatingConstructorAccessorImpl.newInstance(DelegatingConstructorAccessorImpl.java:45)
at java.lang.reflect.Constructor.newInstance(Constructor.java:423)
at org.openqa.selenium.remote.W3CHandshakeResponse.lambda$new$0(W3CHandshakeResponse.java:57)
at org.openqa.selenium.remote.W3CHandshakeResponse.lambda$getResponseFunction$2(W3CHandshakeResponse.java:104)
at org.openqa.selenium.remote.ProtocolHandshake.lambda$createSession$0(ProtocolHandshake.java:123)
at java.util.stream.ReferencePipeline$3$1.accept(ReferencePipeline.java:193)
at java.util.Spliterators$ArraySpliterator.tryAdvance(Spliterators.java:958)
at java.util.stream.ReferencePipeline.forEachWithCancel(ReferencePipeline.java:126)
at java.util.stream.AbstractPipeline.copyIntoWithCancel(AbstractPipeline.java:498)
at java.util.stream.AbstractPipeline.copyInto(AbstractPipeline.java:485)
at java.util.stream.AbstractPipeline.wrapAndCopyInto(AbstractPipeline.java:471)
at java.util.stream.FindOps$FindOp.evaluateSequential(FindOps.java:152)
at java.util.stream.AbstractPipeline.evaluate(AbstractPipeline.java:234)
at java.util.stream.ReferencePipeline.findFirst(ReferencePipeline.java:464)
at org.openqa.selenium.remote.ProtocolHandshake.createSession(ProtocolHandshake.java:126)
at org.openqa.selenium.remote.ProtocolHandshake.createSession(ProtocolHandshake.java:73)
at org.openqa.selenium.remote.HttpCommandExecutor.execute(HttpCommandExecutor.java:136)
at org.openqa.selenium.remote.service.DriverCommandExecutor.execute(DriverCommandExecutor.java:83)
at org.openqa.selenium.remote.RemoteWebDriver.execute(RemoteWebDriver.java:545)
at org.openqa.selenium.remote.RemoteWebDriver.startSession(RemoteWebDriver.java:209)
at org.openqa.selenium.remote.RemoteWebDriver.<init>(RemoteWebDriver.java:132)
at org.openqa.selenium.chrome.ChromeDriver.<init>(ChromeDriver.java:181)
at org.openqa.selenium.chrome.ChromeDriver.<init>(ChromeDriver.java:168)
at org.openqa.selenium.chrome.ChromeDriver.<init>(ChromeDriver.java:123)
at com.Automation.Utility.BrowserUtility.OpenBrowser(BrowserUtility.java:13)
at com.Automation.StepDef.YoutubeReults.open_browser_and_enter_the_url(YoutubeReults.java:28)
at ✽.Given Open browser and enter the url(YoutubeResultsPageValidation.feature:4)
]]>
            </full-stacktrace>
          </exception> <!-- cucumber.runtime.CucumberException -->
          <reporter-output>
          </reporter-output>
        </test-method> <!-- features -->
        <test-method status="FAIL" signature="features(cucumber.api.testng.CucumberFeatureWrapper)[pri:0, instance:com.Automation.TestRunner.TestRunner@3f4d3d]" name="features" duration-ms="3330" started-at="2020-05-01T14:19:10Z" data-provider="features" finished-at="2020-05-01T14:19:13Z">
          <params>
            <param index="0">
              <value>
                <![CDATA[Youtube search page validation]]>
              </value>
            </param>
          </params>
          <exception class="cucumber.runtime.CucumberException">
            <message>
              <![CDATA[org.openqa.selenium.SessionNotCreatedException: session not created: This version of ChromeDriver only supports Chrome version 79
Build info: version: '3.11.0', revision: 'e59cfb3', time: '2018-03-11T20:26:55.152Z'
System info: host: 'SATHISH-PC', ip: '192.168.70.1', os.name: 'Windows 7', os.arch: 'x86', os.version: '6.1', java.version: '1.8.0_144'
Driver info: driver.version: ChromeDriver
remote stacktrace: Backtrace:
Ordinal0 [0x0123A113+1548563]
Ordinal0 [0x011BDDA1+1039777]
Ordinal0 [0x0113E485+517253]
Ordinal0 [0x010CFD34+64820]
Ordinal0 [0x010CC61E+50718]
Ordinal0 [0x010EB797+178071]
Ordinal0 [0x010EB59D+177565]
Ordinal0 [0x010E95FB+169467]
Ordinal0 [0x010D160A+71178]
Ordinal0 [0x010D2690+75408]
Ordinal0 [0x010D2629+75305]
Ordinal0 [0x011D71B7+1143223]
GetHandleVerifier [0x012D2B46+507814]
GetHandleVerifier [0x012D2864+507076]
GetHandleVerifier [0x012D9F47+537511]
GetHandleVerifier [0x012D3402+510050]
Ordinal0 [0x011CF29C+1110684]
Ordinal0 [0x011D938B+1151883]
Ordinal0 [0x011D94F3+1152243]
Ordinal0 [0x011D83F5+1147893]
BaseThreadInitThunk [0x771DEF1C+18]
RtlInitializeExceptionChain [0x7708367A+239]
RtlInitializeExceptionChain [0x7708364D+194]
]]>
            </message>
            <full-stacktrace>
              <![CDATA[cucumber.runtime.CucumberException: org.openqa.selenium.SessionNotCreatedException: session not created: This version of ChromeDriver only supports Chrome version 79
Build info: version: '3.11.0', revision: 'e59cfb3', time: '2018-03-11T20:26:55.152Z'
System info: host: 'SATHISH-PC', ip: '192.168.70.1', os.name: 'Windows 7', os.arch: 'x86', os.version: '6.1', java.version: '1.8.0_144'
Driver info: driver.version: ChromeDriver
remote stacktrace: Backtrace:
Ordinal0 [0x0123A113+1548563]
Ordinal0 [0x011BDDA1+1039777]
Ordinal0 [0x0113E485+517253]
Ordinal0 [0x010CFD34+64820]
Ordinal0 [0x010CC61E+50718]
Ordinal0 [0x010EB797+178071]
Ordinal0 [0x010EB59D+177565]
Ordinal0 [0x010E95FB+169467]
Ordinal0 [0x010D160A+71178]
Ordinal0 [0x010D2690+75408]
Ordinal0 [0x010D2629+75305]
Ordinal0 [0x011D71B7+1143223]
GetHandleVerifier [0x012D2B46+507814]
GetHandleVerifier [0x012D2864+507076]
GetHandleVerifier [0x012D9F47+537511]
GetHandleVerifier [0x012D3402+510050]
Ordinal0 [0x011CF29C+1110684]
Ordinal0 [0x011D938B+1151883]
Ordinal0 [0x011D94F3+1152243]
Ordinal0 [0x011D83F5+1147893]
BaseThreadInitThunk [0x771DEF1C+18]
RtlInitializeExceptionChain [0x7708367A+239]
RtlInitializeExceptionChain [0x7708364D+194]

at cucumber.api.testng.TestNGCucumberRunner.runCucumber(TestNGCucumberRunner.java:69)
at com.Automation.TestRunner.TestRunner.features(TestRunner.java:33)
at sun.reflect.NativeMethodAccessorImpl.invoke0(Native Method)
at sun.reflect.NativeMethodAccessorImpl.invoke(NativeMethodAccessorImpl.java:62)
at sun.reflect.DelegatingMethodAccessorImpl.invoke(DelegatingMethodAccessorImpl.java:43)
at java.lang.reflect.Method.invoke(Method.java:498)
at org.testng.internal.MethodInvocationHelper.invokeMethod(MethodInvocationHelper.java:124)
at org.testng.internal.Invoker.invokeMethod(Invoker.java:583)
at org.testng.internal.Invoker.invokeTestMethod(Invoker.java:719)
at org.testng.internal.Invoker.invokeTestMethods(Invoker.java:989)
at org.testng.internal.TestMethodWorker.invokeTestMethods(TestMethodWorker.java:125)
at org.testng.internal.TestMethodWorker.run(TestMethodWorker.java:109)
at org.testng.TestRunner.privateRun(TestRunner.java:648)
at org.testng.TestRunner.run(TestRunner.java:505)
at org.testng.SuiteRunner.runTest(SuiteRunner.java:455)
at org.testng.SuiteRunner.runSequentially(SuiteRunner.java:450)
at org.testng.SuiteRunner.privateRun(SuiteRunner.java:415)
at org.testng.SuiteRunner.run(SuiteRunner.java:364)
at org.testng.SuiteRunnerWorker.runSuite(SuiteRunnerWorker.java:52)
at org.testng.SuiteRunnerWorker.run(SuiteRunnerWorker.java:84)
at org.testng.TestNG.runSuitesSequentially(TestNG.java:1208)
at org.testng.TestNG.runSuitesLocally(TestNG.java:1137)
at org.testng.TestNG.runSuites(TestNG.java:1049)
at org.testng.TestNG.run(TestNG.java:1017)
at org.testng.remote.AbstractRemoteTestNG.run(AbstractRemoteTestNG.java:114)
at org.testng.remote.RemoteTestNG.initAndRun(RemoteTestNG.java:251)
at org.testng.remote.RemoteTestNG.main(RemoteTestNG.java:77)
Caused by: org.openqa.selenium.SessionNotCreatedException: session not created: This version of ChromeDriver only supports Chrome version 79
Build info: version: '3.11.0', revision: 'e59cfb3', time: '2018-03-11T20:26:55.152Z'
System info: host: 'SATHISH-PC', ip: '192.168.70.1', os.name: 'Windows 7', os.arch: 'x86', os.version: '6.1', java.version: '1.8.0_144'
Driver info: driver.version: ChromeDriver
remote stacktrace: Backtrace:
Ordinal0 [0x0123A113+1548563]
Ordinal0 [0x011BDDA1+1039777]
Ordinal0 [0x0113E485+517253]
Ordinal0 [0x010CFD34+64820]
Ordinal0 [0x010CC61E+50718]
Ordinal0 [0x010EB797+178071]
Ordinal0 [0x010EB59D+177565]
Ordinal0 [0x010E95FB+169467]
Ordinal0 [0x010D160A+71178]
Ordinal0 [0x010D2690+75408]
Ordinal0 [0x010D2629+75305]
Ordinal0 [0x011D71B7+1143223]
GetHandleVerifier [0x012D2B46+507814]
GetHandleVerifier [0x012D2864+507076]
GetHandleVerifier [0x012D9F47+537511]
GetHandleVerifier [0x012D3402+510050]
Ordinal0 [0x011CF29C+1110684]
Ordinal0 [0x011D938B+1151883]
Ordinal0 [0x011D94F3+1152243]
Ordinal0 [0x011D83F5+1147893]
BaseThreadInitThunk [0x771DEF1C+18]
RtlInitializeExceptionChain [0x7708367A+239]
RtlInitializeExceptionChain [0x7708364D+194]

at sun.reflect.NativeConstructorAccessorImpl.newInstance0(Native Method)
at sun.reflect.NativeConstructorAccessorImpl.newInstance(NativeConstructorAccessorImpl.java:62)
at sun.reflect.DelegatingConstructorAccessorImpl.newInstance(DelegatingConstructorAccessorImpl.java:45)
at java.lang.reflect.Constructor.newInstance(Constructor.java:423)
at org.openqa.selenium.remote.W3CHandshakeResponse.lambda$new$0(W3CHandshakeResponse.java:57)
at org.openqa.selenium.remote.W3CHandshakeResponse.lambda$getResponseFunction$2(W3CHandshakeResponse.java:104)
at org.openqa.selenium.remote.ProtocolHandshake.lambda$createSession$0(ProtocolHandshake.java:123)
at java.util.stream.ReferencePipeline$3$1.accept(ReferencePipeline.java:193)
at java.util.Spliterators$ArraySpliterator.tryAdvance(Spliterators.java:958)
at java.util.stream.ReferencePipeline.forEachWithCancel(ReferencePipeline.java:126)
at java.util.stream.AbstractPipeline.copyIntoWithCancel(AbstractPipeline.java:498)
at java.util.stream.AbstractPipeline.copyInto(AbstractPipeline.java:485)
at java.util.stream.AbstractPipeline.wrapAndCopyInto(AbstractPipeline.java:471)
at java.util.stream.FindOps$FindOp.evaluateSequential(FindOps.java:152)
at java.util.stream.AbstractPipeline.evaluate(AbstractPipeline.java:234)
at java.util.stream.ReferencePipeline.findFirst(ReferencePipeline.java:464)
at org.openqa.selenium.remote.ProtocolHandshake.createSession(ProtocolHandshake.java:126)
at org.openqa.selenium.remote.ProtocolHandshake.createSession(ProtocolHandshake.java:73)
at org.openqa.selenium.remote.HttpCommandExecutor.execute(HttpCommandExecutor.java:136)
at org.openqa.selenium.remote.service.DriverCommandExecutor.execute(DriverCommandExecutor.java:83)
at org.openqa.selenium.remote.RemoteWebDriver.execute(RemoteWebDriver.java:545)
at org.openqa.selenium.remote.RemoteWebDriver.startSession(RemoteWebDriver.java:209)
at org.openqa.selenium.remote.RemoteWebDriver.<init>(RemoteWebDriver.java:132)
at org.openqa.selenium.chrome.ChromeDriver.<init>(ChromeDriver.java:181)
at org.openqa.selenium.chrome.ChromeDriver.<init>(ChromeDriver.java:168)
at org.openqa.selenium.chrome.ChromeDriver.<init>(ChromeDriver.java:123)
at com.Automation.Utility.BrowserUtility.OpenBrowser(BrowserUtility.java:13)
at com.Automation.StepDef.YoutubeSearch.open_the_browcer_and_enter_the_url(YoutubeSearch.java:32)
at ✽.Given Open the browcer and enter the url(YoutubeSearch.feature:4)
]]>
            </full-stacktrace>
          </exception> <!-- cucumber.runtime.CucumberException -->
          <reporter-output>
          </reporter-output>
        </test-method> <!-- features -->
        <test-method status="PASS" signature="tearDownClass()[pri:0, instance:com.Automation.TestRunner.TestRunner@3f4d3d]" name="tearDownClass" is-config="true" duration-ms="17" started-at="2020-05-01T14:19:13Z" finished-at="2020-05-01T14:19:13Z">
          <reporter-output>
          </reporter-output>
        </test-method> <!-- tearDownClass -->
      </class> <!-- com.Automation.TestRunner.TestRunner -->
    </test> <!-- Test -->
  </suite> <!-- Suite -->
</testng-results>
