<?xml version="1.0" encoding="UTF-8"?>
<!-- Generated by org.testng.reporters.JUnitXMLReporter -->
<testsuite hostname="Sathish-PC" ignored="0" name="Test" tests="2" failures="2" timestamp="01 May 2020 14:19:14 GMT" time="9.467" errors="0">
  <testcase name="features" time="5.282" classname="com.Automation.TestRunner.TestRunner">
    <failure type="cucumber.runtime.CucumberException" message="org.openqa.selenium.SessionNotCreatedException: session not created: This version of ChromeDriver only supports Chrome version 79
Build info: version: &amp;apos;3.11.0&amp;apos;, revision: &amp;apos;e59cfb3&amp;apos;, time: &amp;apos;2018-03-11T20:26:55.152Z&amp;apos;
System info: host: &amp;apos;SATHISH-PC&amp;apos;, ip: &amp;apos;192.168.70.1&amp;apos;, os.name: &amp;apos;Windows 7&amp;apos;, os.arch: &amp;apos;x86&amp;apos;, os.version: &amp;apos;6.1&amp;apos;, java.version: &amp;apos;1.8.0_144&amp;apos;
Driver info: driver.version: ChromeDriver
remote stacktrace: Backtrace:
	Ordinal0 [0x0123A113+1548563]
	Ordinal0 [0x011BDDA1+1039777]
	Ordinal0 [0x0113E485+517253]
	Ordinal0 [0x010CFD34+64820]
	Ordinal0 [0x010CC61E+50718]
	Ordinal0 [0x010EB797+178071]
	Ordinal0 [0x010EB59D+177565]
	Ordinal0 [0x010E95FB+169467]
	Ordinal0 [0x010D160A+71178]
	Ordinal0 [0x010D2690+75408]
	Ordinal0 [0x010D2629+75305]
	Ordinal0 [0x011D71B7+1143223]
	GetHandleVerifier [0x012D2B46+507814]
	GetHandleVerifier [0x012D2864+507076]
	GetHandleVerifier [0x012D9F47+537511]
	GetHandleVerifier [0x012D3402+510050]
	Ordinal0 [0x011CF29C+1110684]
	Ordinal0 [0x011D938B+1151883]
	Ordinal0 [0x011D94F3+1152243]
	Ordinal0 [0x011D83F5+1147893]
	BaseThreadInitThunk [0x771DEF1C+18]
	RtlInitializeExceptionChain [0x7708367A+239]
	RtlInitializeExceptionChain [0x7708364D+194]
">
      <![CDATA[cucumber.runtime.CucumberException: org.openqa.selenium.SessionNotCreatedException: session not created: This version of ChromeDriver only supports Chrome version 79
Build info: version: '3.11.0', revision: 'e59cfb3', time: '2018-03-11T20:26:55.152Z'
System info: host: 'SATHISH-PC', ip: '192.168.70.1', os.name: 'Windows 7', os.arch: 'x86', os.version: '6.1', java.version: '1.8.0_144'
Driver info: driver.version: ChromeDriver
remote stacktrace: Backtrace:
Ordinal0 [0x0123A113+1548563]
Ordinal0 [0x011BDDA1+1039777]
Ordinal0 [0x0113E485+517253]
Ordinal0 [0x010CFD34+64820]
Ordinal0 [0x010CC61E+50718]
Ordinal0 [0x010EB797+178071]
Ordinal0 [0x010EB59D+177565]
Ordinal0 [0x010E95FB+169467]
Ordinal0 [0x010D160A+71178]
Ordinal0 [0x010D2690+75408]
Ordinal0 [0x010D2629+75305]
Ordinal0 [0x011D71B7+1143223]
GetHandleVerifier [0x012D2B46+507814]
GetHandleVerifier [0x012D2864+507076]
GetHandleVerifier [0x012D9F47+537511]
GetHandleVerifier [0x012D3402+510050]
Ordinal0 [0x011CF29C+1110684]
Ordinal0 [0x011D938B+1151883]
Ordinal0 [0x011D94F3+1152243]
Ordinal0 [0x011D83F5+1147893]
BaseThreadInitThunk [0x771DEF1C+18]
RtlInitializeExceptionChain [0x7708367A+239]
RtlInitializeExceptionChain [0x7708364D+194]

at cucumber.api.testng.TestNGCucumberRunner.runCucumber(TestNGCucumberRunner.java:69)
at com.Automation.TestRunner.TestRunner.features(TestRunner.java:33)
Caused by: org.openqa.selenium.SessionNotCreatedException: session not created: This version of ChromeDriver only supports Chrome version 79
Build info: version: '3.11.0', revision: 'e59cfb3', time: '2018-03-11T20:26:55.152Z'
System info: host: 'SATHISH-PC', ip: '192.168.70.1', os.name: 'Windows 7', os.arch: 'x86', os.version: '6.1', java.version: '1.8.0_144'
Driver info: driver.version: ChromeDriver
remote stacktrace: Backtrace:
Ordinal0 [0x0123A113+1548563]
Ordinal0 [0x011BDDA1+1039777]
Ordinal0 [0x0113E485+517253]
Ordinal0 [0x010CFD34+64820]
Ordinal0 [0x010CC61E+50718]
Ordinal0 [0x010EB797+178071]
Ordinal0 [0x010EB59D+177565]
Ordinal0 [0x010E95FB+169467]
Ordinal0 [0x010D160A+71178]
Ordinal0 [0x010D2690+75408]
Ordinal0 [0x010D2629+75305]
Ordinal0 [0x011D71B7+1143223]
GetHandleVerifier [0x012D2B46+507814]
GetHandleVerifier [0x012D2864+507076]
GetHandleVerifier [0x012D9F47+537511]
GetHandleVerifier [0x012D3402+510050]
Ordinal0 [0x011CF29C+1110684]
Ordinal0 [0x011D938B+1151883]
Ordinal0 [0x011D94F3+1152243]
Ordinal0 [0x011D83F5+1147893]
BaseThreadInitThunk [0x771DEF1C+18]
RtlInitializeExceptionChain [0x7708367A+239]
RtlInitializeExceptionChain [0x7708364D+194]

at org.openqa.selenium.remote.W3CHandshakeResponse.lambda$new$0(W3CHandshakeResponse.java:57)
at org.openqa.selenium.remote.W3CHandshakeResponse.lambda$getResponseFunction$2(W3CHandshakeResponse.java:104)
at org.openqa.selenium.remote.ProtocolHandshake.lambda$createSession$0(ProtocolHandshake.java:123)
at java.util.stream.ReferencePipeline$3$1.accept(ReferencePipeline.java:193)
at java.util.Spliterators$ArraySpliterator.tryAdvance(Spliterators.java:958)
at java.util.stream.ReferencePipeline.forEachWithCancel(ReferencePipeline.java:126)
at java.util.stream.AbstractPipeline.copyIntoWithCancel(AbstractPipeline.java:498)
at java.util.stream.AbstractPipeline.copyInto(AbstractPipeline.java:485)
at java.util.stream.AbstractPipeline.wrapAndCopyInto(AbstractPipeline.java:471)
at java.util.stream.FindOps$FindOp.evaluateSequential(FindOps.java:152)
at java.util.stream.AbstractPipeline.evaluate(AbstractPipeline.java:234)
at java.util.stream.ReferencePipeline.findFirst(ReferencePipeline.java:464)
at org.openqa.selenium.remote.ProtocolHandshake.createSession(ProtocolHandshake.java:126)
at org.openqa.selenium.remote.ProtocolHandshake.createSession(ProtocolHandshake.java:73)
at org.openqa.selenium.remote.HttpCommandExecutor.execute(HttpCommandExecutor.java:136)
at org.openqa.selenium.remote.service.DriverCommandExecutor.execute(DriverCommandExecutor.java:83)
at org.openqa.selenium.remote.RemoteWebDriver.execute(RemoteWebDriver.java:545)
at org.openqa.selenium.remote.RemoteWebDriver.startSession(RemoteWebDriver.java:209)
at org.openqa.selenium.remote.RemoteWebDriver.<init>(RemoteWebDriver.java:132)
at org.openqa.selenium.chrome.ChromeDriver.<init>(ChromeDriver.java:181)
at org.openqa.selenium.chrome.ChromeDriver.<init>(ChromeDriver.java:168)
at org.openqa.selenium.chrome.ChromeDriver.<init>(ChromeDriver.java:123)
at com.Automation.Utility.BrowserUtility.OpenBrowser(BrowserUtility.java:13)
at com.Automation.StepDef.YoutubeReults.open_browser_and_enter_the_url(YoutubeReults.java:28)
at ✽.Given Open browser and enter the url(YoutubeResultsPageValidation.feature:4)
... Removed 29 stack frames]]>
    </failure>
  </testcase> <!-- features -->
  <testcase name="features" time="3.33" classname="com.Automation.TestRunner.TestRunner">
    <failure type="cucumber.runtime.CucumberException" message="org.openqa.selenium.SessionNotCreatedException: session not created: This version of ChromeDriver only supports Chrome version 79
Build info: version: &amp;apos;3.11.0&amp;apos;, revision: &amp;apos;e59cfb3&amp;apos;, time: &amp;apos;2018-03-11T20:26:55.152Z&amp;apos;
System info: host: &amp;apos;SATHISH-PC&amp;apos;, ip: &amp;apos;192.168.70.1&amp;apos;, os.name: &amp;apos;Windows 7&amp;apos;, os.arch: &amp;apos;x86&amp;apos;, os.version: &amp;apos;6.1&amp;apos;, java.version: &amp;apos;1.8.0_144&amp;apos;
Driver info: driver.version: ChromeDriver
remote stacktrace: Backtrace:
	Ordinal0 [0x0123A113+1548563]
	Ordinal0 [0x011BDDA1+1039777]
	Ordinal0 [0x0113E485+517253]
	Ordinal0 [0x010CFD34+64820]
	Ordinal0 [0x010CC61E+50718]
	Ordinal0 [0x010EB797+178071]
	Ordinal0 [0x010EB59D+177565]
	Ordinal0 [0x010E95FB+169467]
	Ordinal0 [0x010D160A+71178]
	Ordinal0 [0x010D2690+75408]
	Ordinal0 [0x010D2629+75305]
	Ordinal0 [0x011D71B7+1143223]
	GetHandleVerifier [0x012D2B46+507814]
	GetHandleVerifier [0x012D2864+507076]
	GetHandleVerifier [0x012D9F47+537511]
	GetHandleVerifier [0x012D3402+510050]
	Ordinal0 [0x011CF29C+1110684]
	Ordinal0 [0x011D938B+1151883]
	Ordinal0 [0x011D94F3+1152243]
	Ordinal0 [0x011D83F5+1147893]
	BaseThreadInitThunk [0x771DEF1C+18]
	RtlInitializeExceptionChain [0x7708367A+239]
	RtlInitializeExceptionChain [0x7708364D+194]
">
      <![CDATA[cucumber.runtime.CucumberException: org.openqa.selenium.SessionNotCreatedException: session not created: This version of ChromeDriver only supports Chrome version 79
Build info: version: '3.11.0', revision: 'e59cfb3', time: '2018-03-11T20:26:55.152Z'
System info: host: 'SATHISH-PC', ip: '192.168.70.1', os.name: 'Windows 7', os.arch: 'x86', os.version: '6.1', java.version: '1.8.0_144'
Driver info: driver.version: ChromeDriver
remote stacktrace: Backtrace:
Ordinal0 [0x0123A113+1548563]
Ordinal0 [0x011BDDA1+1039777]
Ordinal0 [0x0113E485+517253]
Ordinal0 [0x010CFD34+64820]
Ordinal0 [0x010CC61E+50718]
Ordinal0 [0x010EB797+178071]
Ordinal0 [0x010EB59D+177565]
Ordinal0 [0x010E95FB+169467]
Ordinal0 [0x010D160A+71178]
Ordinal0 [0x010D2690+75408]
Ordinal0 [0x010D2629+75305]
Ordinal0 [0x011D71B7+1143223]
GetHandleVerifier [0x012D2B46+507814]
GetHandleVerifier [0x012D2864+507076]
GetHandleVerifier [0x012D9F47+537511]
GetHandleVerifier [0x012D3402+510050]
Ordinal0 [0x011CF29C+1110684]
Ordinal0 [0x011D938B+1151883]
Ordinal0 [0x011D94F3+1152243]
Ordinal0 [0x011D83F5+1147893]
BaseThreadInitThunk [0x771DEF1C+18]
RtlInitializeExceptionChain [0x7708367A+239]
RtlInitializeExceptionChain [0x7708364D+194]

at cucumber.api.testng.TestNGCucumberRunner.runCucumber(TestNGCucumberRunner.java:69)
at com.Automation.TestRunner.TestRunner.features(TestRunner.java:33)
Caused by: org.openqa.selenium.SessionNotCreatedException: session not created: This version of ChromeDriver only supports Chrome version 79
Build info: version: '3.11.0', revision: 'e59cfb3', time: '2018-03-11T20:26:55.152Z'
System info: host: 'SATHISH-PC', ip: '192.168.70.1', os.name: 'Windows 7', os.arch: 'x86', os.version: '6.1', java.version: '1.8.0_144'
Driver info: driver.version: ChromeDriver
remote stacktrace: Backtrace:
Ordinal0 [0x0123A113+1548563]
Ordinal0 [0x011BDDA1+1039777]
Ordinal0 [0x0113E485+517253]
Ordinal0 [0x010CFD34+64820]
Ordinal0 [0x010CC61E+50718]
Ordinal0 [0x010EB797+178071]
Ordinal0 [0x010EB59D+177565]
Ordinal0 [0x010E95FB+169467]
Ordinal0 [0x010D160A+71178]
Ordinal0 [0x010D2690+75408]
Ordinal0 [0x010D2629+75305]
Ordinal0 [0x011D71B7+1143223]
GetHandleVerifier [0x012D2B46+507814]
GetHandleVerifier [0x012D2864+507076]
GetHandleVerifier [0x012D9F47+537511]
GetHandleVerifier [0x012D3402+510050]
Ordinal0 [0x011CF29C+1110684]
Ordinal0 [0x011D938B+1151883]
Ordinal0 [0x011D94F3+1152243]
Ordinal0 [0x011D83F5+1147893]
BaseThreadInitThunk [0x771DEF1C+18]
RtlInitializeExceptionChain [0x7708367A+239]
RtlInitializeExceptionChain [0x7708364D+194]

at org.openqa.selenium.remote.W3CHandshakeResponse.lambda$new$0(W3CHandshakeResponse.java:57)
at org.openqa.selenium.remote.W3CHandshakeResponse.lambda$getResponseFunction$2(W3CHandshakeResponse.java:104)
at org.openqa.selenium.remote.ProtocolHandshake.lambda$createSession$0(ProtocolHandshake.java:123)
at java.util.stream.ReferencePipeline$3$1.accept(ReferencePipeline.java:193)
at java.util.Spliterators$ArraySpliterator.tryAdvance(Spliterators.java:958)
at java.util.stream.ReferencePipeline.forEachWithCancel(ReferencePipeline.java:126)
at java.util.stream.AbstractPipeline.copyIntoWithCancel(AbstractPipeline.java:498)
at java.util.stream.AbstractPipeline.copyInto(AbstractPipeline.java:485)
at java.util.stream.AbstractPipeline.wrapAndCopyInto(AbstractPipeline.java:471)
at java.util.stream.FindOps$FindOp.evaluateSequential(FindOps.java:152)
at java.util.stream.AbstractPipeline.evaluate(AbstractPipeline.java:234)
at java.util.stream.ReferencePipeline.findFirst(ReferencePipeline.java:464)
at org.openqa.selenium.remote.ProtocolHandshake.createSession(ProtocolHandshake.java:126)
at org.openqa.selenium.remote.ProtocolHandshake.createSession(ProtocolHandshake.java:73)
at org.openqa.selenium.remote.HttpCommandExecutor.execute(HttpCommandExecutor.java:136)
at org.openqa.selenium.remote.service.DriverCommandExecutor.execute(DriverCommandExecutor.java:83)
at org.openqa.selenium.remote.RemoteWebDriver.execute(RemoteWebDriver.java:545)
at org.openqa.selenium.remote.RemoteWebDriver.startSession(RemoteWebDriver.java:209)
at org.openqa.selenium.remote.RemoteWebDriver.<init>(RemoteWebDriver.java:132)
at org.openqa.selenium.chrome.ChromeDriver.<init>(ChromeDriver.java:181)
at org.openqa.selenium.chrome.ChromeDriver.<init>(ChromeDriver.java:168)
at org.openqa.selenium.chrome.ChromeDriver.<init>(ChromeDriver.java:123)
at com.Automation.Utility.BrowserUtility.OpenBrowser(BrowserUtility.java:13)
at com.Automation.StepDef.YoutubeSearch.open_the_browcer_and_enter_the_url(YoutubeSearch.java:32)
at ✽.Given Open the browcer and enter the url(YoutubeSearch.feature:4)
... Removed 29 stack frames]]>
    </failure>
  </testcase> <!-- features -->
</testsuite> <!-- Test -->
